<?xml version="1.0" encoding="UTF-8"?>
<!-- Generated by org.testng.reporters.JUnitReportReporter -->
<testsuite hostname="LAPTOP-CJ8RVAJ5" failures="0" tests="1" name="testpackage.TestActiTimeValid" time="0.809" errors="0" timestamp="2022-08-30T14:33:34 IST" skipped="0">
  <testcase classname="testpackage.TestActiTimeValid" name="Login" time="0.809"/>
  <system-out/>
</testsuite> <!-- testpackage.TestActiTimeValid -->
